<tc:tc-config xmlns:tc="http://www.terracotta.org/config"
	xmlns:xsi="http://www.w3.org/2001/XMLSchema-instance"
	xsi:schemaLocation="http://www.terracotta.org/schema/terracotta-4.xsd">

	<servers>
		<server name="Server 1">
			<data>/opt/terracotta/server1-data</data>
			<l2-group-port>9530</l2-group-port>
			<dso>
				<persistence>
					<mode>permanent-store</mode>
				</persistence>
			</dso>
		</server>
		<server name="Server 2">
			<data>/opt/terracotta/server2-data</data>
			<l2-group-port>9530</l2-group-port>
			<dso>
				<persistence>
					<mode>permanent-store</mode>
				</persistence>
			</dso>
		</server>
		<ha>
			<mode>networked-active-passive</mode>
			<networked-active-passive>
				<election-time>5</election-time>
			</networked-active-passive>
		</ha>
	</servers>

	<application>
		<dso>
			<locks>
				<autolock>
					<method-expression>
						void
						test.terracota.demo.helloworld.Main.count(..)
					</method-expression>
				</autolock>
			</locks>
			<roots>
				<root>
					<field-name>
						test.terracota.demo.helloworld.Main.instance
					</field-name>
				</root>
			</roots>
		</dso>
	</application>

</tc:tc-config>
