<?xml version="1.0" encoding="UTF-8"?>

<tc:tc-config xmlns:tc="http://www.terracotta.org/config"
	xmlns:xsi="http://www.w3.org/2001/XMLSchema-instance"
	xsi:schemaLocation="http://www.terracotta.org/schema/terracotta-4.xsd">

	<servers>
		<server host="10.15.2.246" name="Server 1">
			<dso-port>9510</dso-port>
			<jmx-port>9520</jmx-port>
			<l2-group-port>9530</l2-group-port>
			<data>/opt/terracotta/server1-data</data>
			<logs>terracotta/server-logs</logs>
			<statistics>terracotta/cluster-statistics</statistics>
			<dso>
				<persistence>
					<mode>permanent-store</mode>
				</persistence>
				<client-reconnect-window>120</client-reconnect-window>
			</dso>
		</server>
		<server host="10.15.2.246" name="Server 2">
			<dso-port>9510</dso-port>
			<jmx-port>9520</jmx-port>
			<l2-group-port>9530</l2-group-port>
			<data>/opt/terracotta/server2-data</data>
			<logs>terracotta/server-logs</logs>
			<statistics>terracotta/cluster-statistics</statistics>
			<dso>
				<persistence>
					<mode>permanent-store</mode>
				</persistence>
				<client-reconnect-window>120</client-reconnect-window>
			</dso>
		</server>
		<ha>
			<mode>networked-active-passive</mode>
			<networked-active-passive>
				<election-time>5</election-time>
			</networked-active-passive>
		</ha>
		<update-check>
			<enabled>true</enabled>
		</update-check>
	</servers>

	<clients>
		<logs>terracotta/client-logs</logs>
		<statistics>terracotta/client-statistics/%D</statistics>
	</clients>

	<application>
		<dso>
			<locks>
				<autolock>
					<method-expression>
						void
						test.terracota.demo.helloworld.Main.count(..)
					</method-expression>
				</autolock>
			</locks>
			<roots>
				<root>
					<field-name>
						test.terracota.demo.helloworld.Main.instance
					</field-name>
				</root>
			</roots>
		</dso>
	</application>

</tc:tc-config>
